[2021-07-13 00:52:33,785] {taskinstance.py:876} INFO - Dependencies all met for <TaskInstance: Spark_S3_ETL.terminate_cluster 2021-07-13T00:39:08.339742+00:00 [queued]>
[2021-07-13 00:52:33,811] {taskinstance.py:876} INFO - Dependencies all met for <TaskInstance: Spark_S3_ETL.terminate_cluster 2021-07-13T00:39:08.339742+00:00 [queued]>
[2021-07-13 00:52:33,812] {taskinstance.py:1067} INFO - 
--------------------------------------------------------------------------------
[2021-07-13 00:52:33,814] {taskinstance.py:1068} INFO - Starting attempt 1 of 1
[2021-07-13 00:52:33,820] {taskinstance.py:1069} INFO - 
--------------------------------------------------------------------------------
[2021-07-13 00:52:33,839] {taskinstance.py:1087} INFO - Executing <Task(EmrTerminateJobFlowOperator): terminate_cluster> on 2021-07-13T00:39:08.339742+00:00
[2021-07-13 00:52:33,850] {standard_task_runner.py:52} INFO - Started process 4394 to run task
[2021-07-13 00:52:33,858] {standard_task_runner.py:76} INFO - Running: ['***', 'tasks', 'run', 'Spark_S3_ETL', 'terminate_cluster', '2021-07-13T00:39:08.339742+00:00', '--job-id', '76', '--pool', 'default_pool', '--raw', '--subdir', 'DAGS_FOLDER/dag.py', '--cfg-path', '/tmp/tmpqdsr00n1', '--error-file', '/tmp/tmpamn3kecu']
[2021-07-13 00:52:33,860] {standard_task_runner.py:77} INFO - Job 76: Subtask terminate_cluster
[2021-07-13 00:52:33,914] {logging_mixin.py:104} INFO - Running <TaskInstance: Spark_S3_ETL.terminate_cluster 2021-07-13T00:39:08.339742+00:00 [running]> on host 3eb1e029fb42
[2021-07-13 00:52:33,990] {taskinstance.py:1282} INFO - Exporting the following env vars:
AIRFLOW_CTX_DAG_OWNER=CapstoneProject
AIRFLOW_CTX_DAG_ID=Spark_S3_ETL
AIRFLOW_CTX_TASK_ID=terminate_cluster
AIRFLOW_CTX_EXECUTION_DATE=2021-07-13T00:39:08.339742+00:00
AIRFLOW_CTX_DAG_RUN_ID=manual__2021-07-13T00:39:08.339742+00:00
[2021-07-13 00:52:33,993] {base_aws.py:368} INFO - Airflow Connection: aws_conn_id=aws_credentials
[2021-07-13 00:52:34,007] {base_aws.py:166} INFO - Credentials retrieved from login
[2021-07-13 00:52:34,008] {base_aws.py:82} INFO - Retrieving region_name from Connection.extra_config['region_name']
[2021-07-13 00:52:34,009] {base_aws.py:87} INFO - Creating session with aws_access_key_id=AKIASWAINSLNFO6ZMHMS region_name=us-east-1
[2021-07-13 00:52:34,025] {base_aws.py:157} INFO - role_arn is None
[2021-07-13 00:52:34,066] {emr_terminate_job_flow.py:50} INFO - Terminating JobFlow j-MS09R64S8EF
[2021-07-13 00:52:34,542] {emr_terminate_job_flow.py:56} INFO - JobFlow with id j-MS09R64S8EF terminated
[2021-07-13 00:52:34,590] {taskinstance.py:1191} INFO - Marking task as SUCCESS. dag_id=Spark_S3_ETL, task_id=terminate_cluster, execution_date=20210713T003908, start_date=20210713T005233, end_date=20210713T005234
[2021-07-13 00:52:34,671] {taskinstance.py:1245} INFO - 1 downstream tasks scheduled from follow-on schedule check
[2021-07-13 00:52:34,720] {local_task_job.py:151} INFO - Task exited with return code 0
