[2021-07-07 00:36:43,764] {taskinstance.py:876} INFO - Dependencies all met for <TaskInstance: Spark_S3_ETL.terminate_cluster 2021-07-07T00:25:27.419789+00:00 [queued]>
[2021-07-07 00:36:43,799] {taskinstance.py:876} INFO - Dependencies all met for <TaskInstance: Spark_S3_ETL.terminate_cluster 2021-07-07T00:25:27.419789+00:00 [queued]>
[2021-07-07 00:36:43,800] {taskinstance.py:1067} INFO - 
--------------------------------------------------------------------------------
[2021-07-07 00:36:43,801] {taskinstance.py:1068} INFO - Starting attempt 1 of 4
[2021-07-07 00:36:43,808] {taskinstance.py:1069} INFO - 
--------------------------------------------------------------------------------
[2021-07-07 00:36:43,827] {taskinstance.py:1087} INFO - Executing <Task(EmrTerminateJobFlowOperator): terminate_cluster> on 2021-07-07T00:25:27.419789+00:00
[2021-07-07 00:36:43,837] {standard_task_runner.py:52} INFO - Started process 1278 to run task
[2021-07-07 00:36:43,843] {standard_task_runner.py:76} INFO - Running: ['***', 'tasks', 'run', 'Spark_S3_ETL', 'terminate_cluster', '2021-07-07T00:25:27.419789+00:00', '--job-id', '167', '--pool', 'default_pool', '--raw', '--subdir', 'DAGS_FOLDER/dag.py', '--cfg-path', '/tmp/tmpddxs9rx1', '--error-file', '/tmp/tmphhx_56c2']
[2021-07-07 00:36:43,845] {standard_task_runner.py:77} INFO - Job 167: Subtask terminate_cluster
[2021-07-07 00:36:43,913] {logging_mixin.py:104} INFO - Running <TaskInstance: Spark_S3_ETL.terminate_cluster 2021-07-07T00:25:27.419789+00:00 [running]> on host 135c51efb9b1
[2021-07-07 00:36:44,035] {taskinstance.py:1282} INFO - Exporting the following env vars:
AIRFLOW_CTX_DAG_OWNER=CapstoneProject
AIRFLOW_CTX_DAG_ID=Spark_S3_ETL
AIRFLOW_CTX_TASK_ID=terminate_cluster
AIRFLOW_CTX_EXECUTION_DATE=2021-07-07T00:25:27.419789+00:00
AIRFLOW_CTX_DAG_RUN_ID=manual__2021-07-07T00:25:27.419789+00:00
[2021-07-07 00:36:44,037] {base_aws.py:368} INFO - Airflow Connection: aws_conn_id=aws_credentials
[2021-07-07 00:36:44,054] {base_aws.py:166} INFO - Credentials retrieved from login
[2021-07-07 00:36:44,055] {base_aws.py:82} INFO - Retrieving region_name from Connection.extra_config['region_name']
[2021-07-07 00:36:44,056] {base_aws.py:87} INFO - Creating session with aws_access_key_id=AKIA3HDBV2JOOPSAIFST region_name=us-east-1
[2021-07-07 00:36:44,076] {base_aws.py:157} INFO - role_arn is None
[2021-07-07 00:36:44,140] {emr_terminate_job_flow.py:50} INFO - Terminating JobFlow j-1JMDVUTIE9M7Q
[2021-07-07 00:36:44,686] {emr_terminate_job_flow.py:56} INFO - JobFlow with id j-1JMDVUTIE9M7Q terminated
[2021-07-07 00:36:44,746] {taskinstance.py:1191} INFO - Marking task as SUCCESS. dag_id=Spark_S3_ETL, task_id=terminate_cluster, execution_date=20210707T002527, start_date=20210707T003643, end_date=20210707T003644
[2021-07-07 00:36:44,847] {taskinstance.py:1245} INFO - 1 downstream tasks scheduled from follow-on schedule check
[2021-07-07 00:36:44,885] {local_task_job.py:151} INFO - Task exited with return code 0
