[2021-07-07 00:25:33,999] {taskinstance.py:876} INFO - Dependencies all met for <TaskInstance: Spark_S3_ETL.spark_submit_step 2021-07-07T00:25:27.419789+00:00 [queued]>
[2021-07-07 00:25:34,020] {taskinstance.py:876} INFO - Dependencies all met for <TaskInstance: Spark_S3_ETL.spark_submit_step 2021-07-07T00:25:27.419789+00:00 [queued]>
[2021-07-07 00:25:34,022] {taskinstance.py:1067} INFO - 
--------------------------------------------------------------------------------
[2021-07-07 00:25:34,023] {taskinstance.py:1068} INFO - Starting attempt 1 of 4
[2021-07-07 00:25:34,026] {taskinstance.py:1069} INFO - 
--------------------------------------------------------------------------------
[2021-07-07 00:25:34,035] {taskinstance.py:1087} INFO - Executing <Task(EmrAddStepsOperator): spark_submit_step> on 2021-07-07T00:25:27.419789+00:00
[2021-07-07 00:25:34,043] {standard_task_runner.py:52} INFO - Started process 541 to run task
[2021-07-07 00:25:34,048] {standard_task_runner.py:76} INFO - Running: ['***', 'tasks', 'run', 'Spark_S3_ETL', 'spark_submit_step', '2021-07-07T00:25:27.419789+00:00', '--job-id', '165', '--pool', 'default_pool', '--raw', '--subdir', 'DAGS_FOLDER/dag.py', '--cfg-path', '/tmp/tmpy97v77xh', '--error-file', '/tmp/tmpznhwtcnz']
[2021-07-07 00:25:34,049] {standard_task_runner.py:77} INFO - Job 165: Subtask spark_submit_step
[2021-07-07 00:25:34,100] {logging_mixin.py:104} INFO - Running <TaskInstance: Spark_S3_ETL.spark_submit_step 2021-07-07T00:25:27.419789+00:00 [running]> on host 135c51efb9b1
[2021-07-07 00:25:34,187] {taskinstance.py:1282} INFO - Exporting the following env vars:
AIRFLOW_CTX_DAG_OWNER=CapstoneProject
AIRFLOW_CTX_DAG_ID=Spark_S3_ETL
AIRFLOW_CTX_TASK_ID=spark_submit_step
AIRFLOW_CTX_EXECUTION_DATE=2021-07-07T00:25:27.419789+00:00
AIRFLOW_CTX_DAG_RUN_ID=manual__2021-07-07T00:25:27.419789+00:00
[2021-07-07 00:25:34,188] {base_aws.py:368} INFO - Airflow Connection: aws_conn_id=aws_credentials
[2021-07-07 00:25:34,200] {base_aws.py:166} INFO - Credentials retrieved from login
[2021-07-07 00:25:34,201] {base_aws.py:82} INFO - Retrieving region_name from Connection.extra_config['region_name']
[2021-07-07 00:25:34,202] {base_aws.py:87} INFO - Creating session with aws_access_key_id=AKIA3HDBV2JOOPSAIFST region_name=us-east-1
[2021-07-07 00:25:34,217] {base_aws.py:157} INFO - role_arn is None
[2021-07-07 00:25:34,278] {emr_add_steps.py:92} INFO - Adding steps to j-1JMDVUTIE9M7Q
[2021-07-07 00:25:34,759] {emr_add_steps.py:105} INFO - Steps ['s-2UXJXDOWQQVLN'] added to JobFlow
[2021-07-07 00:25:34,798] {taskinstance.py:1191} INFO - Marking task as SUCCESS. dag_id=Spark_S3_ETL, task_id=spark_submit_step, execution_date=20210707T002527, start_date=20210707T002534, end_date=20210707T002534
[2021-07-07 00:25:34,837] {taskinstance.py:1245} INFO - 1 downstream tasks scheduled from follow-on schedule check
[2021-07-07 00:25:34,867] {local_task_job.py:151} INFO - Task exited with return code 0
