[2021-07-12 00:54:14,288] {taskinstance.py:876} INFO - Dependencies all met for <TaskInstance: Spark_S3_ETL.upload_bootstrap_task_to_s3 2021-07-12T00:54:07.119045+00:00 [queued]>
[2021-07-12 00:54:14,316] {taskinstance.py:876} INFO - Dependencies all met for <TaskInstance: Spark_S3_ETL.upload_bootstrap_task_to_s3 2021-07-12T00:54:07.119045+00:00 [queued]>
[2021-07-12 00:54:14,317] {taskinstance.py:1067} INFO - 
--------------------------------------------------------------------------------
[2021-07-12 00:54:14,319] {taskinstance.py:1068} INFO - Starting attempt 1 of 1
[2021-07-12 00:54:14,323] {taskinstance.py:1069} INFO - 
--------------------------------------------------------------------------------
[2021-07-12 00:54:14,356] {taskinstance.py:1087} INFO - Executing <Task(PythonOperator): upload_bootstrap_task_to_s3> on 2021-07-12T00:54:07.119045+00:00
[2021-07-12 00:54:14,364] {standard_task_runner.py:52} INFO - Started process 3539 to run task
[2021-07-12 00:54:14,369] {standard_task_runner.py:76} INFO - Running: ['***', 'tasks', 'run', 'Spark_S3_ETL', 'upload_bootstrap_task_to_s3', '2021-07-12T00:54:07.119045+00:00', '--job-id', '52', '--pool', 'default_pool', '--raw', '--subdir', 'DAGS_FOLDER/dag.py', '--cfg-path', '/tmp/tmpw7u0npnl', '--error-file', '/tmp/tmp69mg4x9s']
[2021-07-12 00:54:14,372] {standard_task_runner.py:77} INFO - Job 52: Subtask upload_bootstrap_task_to_s3
[2021-07-12 00:54:14,441] {logging_mixin.py:104} INFO - Running <TaskInstance: Spark_S3_ETL.upload_bootstrap_task_to_s3 2021-07-12T00:54:07.119045+00:00 [running]> on host ae6e515e2a1e
[2021-07-12 00:54:14,576] {taskinstance.py:1282} INFO - Exporting the following env vars:
AIRFLOW_CTX_DAG_OWNER=CapstoneProject
AIRFLOW_CTX_DAG_ID=Spark_S3_ETL
AIRFLOW_CTX_TASK_ID=upload_bootstrap_task_to_s3
AIRFLOW_CTX_EXECUTION_DATE=2021-07-12T00:54:07.119045+00:00
AIRFLOW_CTX_DAG_RUN_ID=manual__2021-07-12T00:54:07.119045+00:00
[2021-07-12 00:54:14,587] {base_aws.py:368} INFO - Airflow Connection: aws_conn_id=aws_credentials
[2021-07-12 00:54:14,616] {base_aws.py:166} INFO - Credentials retrieved from login
[2021-07-12 00:54:14,617] {base_aws.py:82} INFO - Retrieving region_name from Connection.extra_config['region_name']
[2021-07-12 00:54:14,618] {base_aws.py:87} INFO - Creating session with aws_access_key_id=AKIA3HDBV2JOOPSAIFST region_name=us-east-1
[2021-07-12 00:54:14,635] {base_aws.py:157} INFO - role_arn is None
[2021-07-12 00:54:15,433] {python.py:151} INFO - Done. Returned value was: None
[2021-07-12 00:54:15,446] {taskinstance.py:1191} INFO - Marking task as SUCCESS. dag_id=Spark_S3_ETL, task_id=upload_bootstrap_task_to_s3, execution_date=20210712T005407, start_date=20210712T005414, end_date=20210712T005415
[2021-07-12 00:54:15,481] {taskinstance.py:1245} INFO - 1 downstream tasks scheduled from follow-on schedule check
[2021-07-12 00:54:15,532] {local_task_job.py:151} INFO - Task exited with return code 0
