[2021-07-12 00:54:13,355] {taskinstance.py:876} INFO - Dependencies all met for <TaskInstance: Spark_S3_ETL.upload_to_s3 2021-07-12T00:54:07.119045+00:00 [queued]>
[2021-07-12 00:54:13,397] {taskinstance.py:876} INFO - Dependencies all met for <TaskInstance: Spark_S3_ETL.upload_to_s3 2021-07-12T00:54:07.119045+00:00 [queued]>
[2021-07-12 00:54:13,398] {taskinstance.py:1067} INFO - 
--------------------------------------------------------------------------------
[2021-07-12 00:54:13,407] {taskinstance.py:1068} INFO - Starting attempt 1 of 1
[2021-07-12 00:54:13,419] {taskinstance.py:1069} INFO - 
--------------------------------------------------------------------------------
[2021-07-12 00:54:13,493] {taskinstance.py:1087} INFO - Executing <Task(PythonOperator): upload_to_s3> on 2021-07-12T00:54:07.119045+00:00
[2021-07-12 00:54:13,560] {standard_task_runner.py:52} INFO - Started process 3536 to run task
[2021-07-12 00:54:13,585] {standard_task_runner.py:76} INFO - Running: ['***', 'tasks', 'run', 'Spark_S3_ETL', 'upload_to_s3', '2021-07-12T00:54:07.119045+00:00', '--job-id', '51', '--pool', 'default_pool', '--raw', '--subdir', 'DAGS_FOLDER/dag.py', '--cfg-path', '/tmp/tmpz52v13ob', '--error-file', '/tmp/tmp4qunqo_b']
[2021-07-12 00:54:13,592] {standard_task_runner.py:77} INFO - Job 51: Subtask upload_to_s3
[2021-07-12 00:54:13,774] {logging_mixin.py:104} INFO - Running <TaskInstance: Spark_S3_ETL.upload_to_s3 2021-07-12T00:54:07.119045+00:00 [running]> on host ae6e515e2a1e
[2021-07-12 00:54:13,966] {taskinstance.py:1282} INFO - Exporting the following env vars:
AIRFLOW_CTX_DAG_OWNER=CapstoneProject
AIRFLOW_CTX_DAG_ID=Spark_S3_ETL
AIRFLOW_CTX_TASK_ID=upload_to_s3
AIRFLOW_CTX_EXECUTION_DATE=2021-07-12T00:54:07.119045+00:00
AIRFLOW_CTX_DAG_RUN_ID=manual__2021-07-12T00:54:07.119045+00:00
[2021-07-12 00:54:13,973] {base_aws.py:368} INFO - Airflow Connection: aws_conn_id=aws_credentials
[2021-07-12 00:54:14,016] {base_aws.py:166} INFO - Credentials retrieved from login
[2021-07-12 00:54:14,024] {base_aws.py:82} INFO - Retrieving region_name from Connection.extra_config['region_name']
[2021-07-12 00:54:14,025] {base_aws.py:87} INFO - Creating session with aws_access_key_id=AKIA3HDBV2JOOPSAIFST region_name=us-east-1
[2021-07-12 00:54:14,058] {base_aws.py:157} INFO - role_arn is None
[2021-07-12 00:54:15,041] {python.py:151} INFO - Done. Returned value was: None
[2021-07-12 00:54:15,062] {taskinstance.py:1191} INFO - Marking task as SUCCESS. dag_id=Spark_S3_ETL, task_id=upload_to_s3, execution_date=20210712T005407, start_date=20210712T005413, end_date=20210712T005415
[2021-07-12 00:54:15,123] {taskinstance.py:1245} INFO - 0 downstream tasks scheduled from follow-on schedule check
[2021-07-12 00:54:15,162] {local_task_job.py:151} INFO - Task exited with return code 0
