[2021-07-13 00:19:16,468] {taskinstance.py:876} INFO - Dependencies all met for <TaskInstance: Spark_S3_ETL.upload_to_s3 2021-07-12T00:54:07.119045+00:00 [queued]>
[2021-07-13 00:19:16,498] {taskinstance.py:876} INFO - Dependencies all met for <TaskInstance: Spark_S3_ETL.upload_to_s3 2021-07-12T00:54:07.119045+00:00 [queued]>
[2021-07-13 00:19:16,499] {taskinstance.py:1067} INFO - 
--------------------------------------------------------------------------------
[2021-07-13 00:19:16,502] {taskinstance.py:1068} INFO - Starting attempt 2 of 2
[2021-07-13 00:19:16,511] {taskinstance.py:1069} INFO - 
--------------------------------------------------------------------------------
[2021-07-13 00:19:16,544] {taskinstance.py:1087} INFO - Executing <Task(PythonOperator): upload_to_s3> on 2021-07-12T00:54:07.119045+00:00
[2021-07-13 00:19:16,552] {standard_task_runner.py:52} INFO - Started process 2362 to run task
[2021-07-13 00:19:16,570] {standard_task_runner.py:76} INFO - Running: ['***', 'tasks', 'run', 'Spark_S3_ETL', 'upload_to_s3', '2021-07-12T00:54:07.119045+00:00', '--job-id', '58', '--pool', 'default_pool', '--raw', '--subdir', 'DAGS_FOLDER/dag.py', '--cfg-path', '/tmp/tmpuvsjpqat', '--error-file', '/tmp/tmpohuw0ewg']
[2021-07-13 00:19:16,572] {standard_task_runner.py:77} INFO - Job 58: Subtask upload_to_s3
[2021-07-13 00:19:16,657] {logging_mixin.py:104} INFO - Running <TaskInstance: Spark_S3_ETL.upload_to_s3 2021-07-12T00:54:07.119045+00:00 [running]> on host 3eb1e029fb42
[2021-07-13 00:19:16,786] {taskinstance.py:1282} INFO - Exporting the following env vars:
AIRFLOW_CTX_DAG_OWNER=CapstoneProject
AIRFLOW_CTX_DAG_ID=Spark_S3_ETL
AIRFLOW_CTX_TASK_ID=upload_to_s3
AIRFLOW_CTX_EXECUTION_DATE=2021-07-12T00:54:07.119045+00:00
AIRFLOW_CTX_DAG_RUN_ID=manual__2021-07-12T00:54:07.119045+00:00
[2021-07-13 00:19:16,795] {base_aws.py:368} INFO - Airflow Connection: aws_conn_id=aws_credentials
[2021-07-13 00:19:16,814] {base_aws.py:166} INFO - Credentials retrieved from login
[2021-07-13 00:19:16,816] {base_aws.py:82} INFO - Retrieving region_name from Connection.extra_config['region_name']
[2021-07-13 00:19:16,818] {base_aws.py:87} INFO - Creating session with aws_access_key_id=AKIASWAINSLNFO6ZMHMS region_name=us-east-1
[2021-07-13 00:19:16,850] {base_aws.py:157} INFO - role_arn is None
[2021-07-13 00:19:17,531] {python.py:151} INFO - Done. Returned value was: None
[2021-07-13 00:19:17,569] {taskinstance.py:1191} INFO - Marking task as SUCCESS. dag_id=Spark_S3_ETL, task_id=upload_to_s3, execution_date=20210712T005407, start_date=20210713T001916, end_date=20210713T001917
[2021-07-13 00:19:17,632] {taskinstance.py:1245} INFO - 1 downstream tasks scheduled from follow-on schedule check
[2021-07-13 00:19:17,710] {local_task_job.py:151} INFO - Task exited with return code 0
