[2021-07-13 00:19:20,166] {taskinstance.py:876} INFO - Dependencies all met for <TaskInstance: Spark_S3_ETL.create_emr_cluster 2021-07-12T00:54:07.119045+00:00 [queued]>
[2021-07-13 00:19:20,196] {taskinstance.py:876} INFO - Dependencies all met for <TaskInstance: Spark_S3_ETL.create_emr_cluster 2021-07-12T00:54:07.119045+00:00 [queued]>
[2021-07-13 00:19:20,197] {taskinstance.py:1067} INFO - 
--------------------------------------------------------------------------------
[2021-07-13 00:19:20,198] {taskinstance.py:1068} INFO - Starting attempt 2 of 2
[2021-07-13 00:19:20,205] {taskinstance.py:1069} INFO - 
--------------------------------------------------------------------------------
[2021-07-13 00:19:20,252] {taskinstance.py:1087} INFO - Executing <Task(EmrCreateJobFlowOperator): create_emr_cluster> on 2021-07-12T00:54:07.119045+00:00
[2021-07-13 00:19:20,274] {standard_task_runner.py:52} INFO - Started process 2376 to run task
[2021-07-13 00:19:20,282] {standard_task_runner.py:76} INFO - Running: ['***', 'tasks', 'run', 'Spark_S3_ETL', 'create_emr_cluster', '2021-07-12T00:54:07.119045+00:00', '--job-id', '61', '--pool', 'default_pool', '--raw', '--subdir', 'DAGS_FOLDER/dag.py', '--cfg-path', '/tmp/tmpd7qua0qn', '--error-file', '/tmp/tmp_mdwu4f4']
[2021-07-13 00:19:20,288] {standard_task_runner.py:77} INFO - Job 61: Subtask create_emr_cluster
[2021-07-13 00:19:20,424] {logging_mixin.py:104} INFO - Running <TaskInstance: Spark_S3_ETL.create_emr_cluster 2021-07-12T00:54:07.119045+00:00 [running]> on host 3eb1e029fb42
[2021-07-13 00:19:20,531] {taskinstance.py:1282} INFO - Exporting the following env vars:
AIRFLOW_CTX_DAG_OWNER=CapstoneProject
AIRFLOW_CTX_DAG_ID=Spark_S3_ETL
AIRFLOW_CTX_TASK_ID=create_emr_cluster
AIRFLOW_CTX_EXECUTION_DATE=2021-07-12T00:54:07.119045+00:00
AIRFLOW_CTX_DAG_RUN_ID=manual__2021-07-12T00:54:07.119045+00:00
[2021-07-13 00:19:20,534] {emr_create_job_flow.py:73} INFO - Creating JobFlow using aws-conn-id: aws_credentials, emr-conn-id: emr_default
[2021-07-13 00:19:20,548] {base_aws.py:368} INFO - Airflow Connection: aws_conn_id=aws_credentials
[2021-07-13 00:19:20,559] {base_aws.py:166} INFO - Credentials retrieved from login
[2021-07-13 00:19:20,561] {base_aws.py:82} INFO - Retrieving region_name from Connection.extra_config['region_name']
[2021-07-13 00:19:20,561] {base_aws.py:87} INFO - Creating session with aws_access_key_id=AKIASWAINSLNFO6ZMHMS region_name=us-east-1
[2021-07-13 00:19:20,580] {base_aws.py:157} INFO - role_arn is None
[2021-07-13 00:19:21,355] {emr_create_job_flow.py:86} INFO - JobFlow with id j-2R1V7YSKLK9KD created
[2021-07-13 00:19:21,406] {taskinstance.py:1191} INFO - Marking task as SUCCESS. dag_id=Spark_S3_ETL, task_id=create_emr_cluster, execution_date=20210712T005407, start_date=20210713T001920, end_date=20210713T001921
[2021-07-13 00:19:21,450] {taskinstance.py:1245} INFO - 1 downstream tasks scheduled from follow-on schedule check
[2021-07-13 00:19:21,506] {local_task_job.py:151} INFO - Task exited with return code 0
