[2021-07-12 00:54:10,361] {taskinstance.py:876} INFO - Dependencies all met for <TaskInstance: Spark_S3_ETL.create_project_package 2021-07-12T00:54:07.119045+00:00 [queued]>
[2021-07-12 00:54:10,401] {taskinstance.py:876} INFO - Dependencies all met for <TaskInstance: Spark_S3_ETL.create_project_package 2021-07-12T00:54:07.119045+00:00 [queued]>
[2021-07-12 00:54:10,403] {taskinstance.py:1067} INFO - 
--------------------------------------------------------------------------------
[2021-07-12 00:54:10,404] {taskinstance.py:1068} INFO - Starting attempt 1 of 1
[2021-07-12 00:54:10,413] {taskinstance.py:1069} INFO - 
--------------------------------------------------------------------------------
[2021-07-12 00:54:10,448] {taskinstance.py:1087} INFO - Executing <Task(BashOperator): create_project_package> on 2021-07-12T00:54:07.119045+00:00
[2021-07-12 00:54:10,468] {standard_task_runner.py:52} INFO - Started process 3527 to run task
[2021-07-12 00:54:10,491] {standard_task_runner.py:76} INFO - Running: ['***', 'tasks', 'run', 'Spark_S3_ETL', 'create_project_package', '2021-07-12T00:54:07.119045+00:00', '--job-id', '49', '--pool', 'default_pool', '--raw', '--subdir', 'DAGS_FOLDER/dag.py', '--cfg-path', '/tmp/tmpym6a3y77', '--error-file', '/tmp/tmpfkj7679p']
[2021-07-12 00:54:10,498] {standard_task_runner.py:77} INFO - Job 49: Subtask create_project_package
[2021-07-12 00:54:10,646] {logging_mixin.py:104} INFO - Running <TaskInstance: Spark_S3_ETL.create_project_package 2021-07-12T00:54:07.119045+00:00 [running]> on host ae6e515e2a1e
[2021-07-12 00:54:10,829] {taskinstance.py:1282} INFO - Exporting the following env vars:
AIRFLOW_CTX_DAG_OWNER=CapstoneProject
AIRFLOW_CTX_DAG_ID=Spark_S3_ETL
AIRFLOW_CTX_TASK_ID=create_project_package
AIRFLOW_CTX_EXECUTION_DATE=2021-07-12T00:54:07.119045+00:00
AIRFLOW_CTX_DAG_RUN_ID=manual__2021-07-12T00:54:07.119045+00:00
[2021-07-12 00:54:10,842] {subprocess.py:52} INFO - Tmp dir root location: 
 /tmp
[2021-07-12 00:54:10,846] {subprocess.py:63} INFO - Running command: ['bash', '-c', 'tar -czf /tmp/CapstoneProject.tar.gz -C /opt/*** CapstoneProject']
[2021-07-12 00:54:10,932] {subprocess.py:75} INFO - Output:
[2021-07-12 00:54:11,082] {subprocess.py:83} INFO - Command exited with return code 0
[2021-07-12 00:54:11,183] {taskinstance.py:1191} INFO - Marking task as SUCCESS. dag_id=Spark_S3_ETL, task_id=create_project_package, execution_date=20210712T005407, start_date=20210712T005410, end_date=20210712T005411
[2021-07-12 00:54:11,301] {taskinstance.py:1245} INFO - 1 downstream tasks scheduled from follow-on schedule check
[2021-07-12 00:54:11,372] {local_task_job.py:151} INFO - Task exited with return code 0
