[2021-07-13 00:19:12,221] {taskinstance.py:876} INFO - Dependencies all met for <TaskInstance: Spark_S3_ETL.create_project_package 2021-07-12T00:54:07.119045+00:00 [queued]>
[2021-07-13 00:19:12,274] {taskinstance.py:876} INFO - Dependencies all met for <TaskInstance: Spark_S3_ETL.create_project_package 2021-07-12T00:54:07.119045+00:00 [queued]>
[2021-07-13 00:19:12,278] {taskinstance.py:1067} INFO - 
--------------------------------------------------------------------------------
[2021-07-13 00:19:12,287] {taskinstance.py:1068} INFO - Starting attempt 2 of 2
[2021-07-13 00:19:12,297] {taskinstance.py:1069} INFO - 
--------------------------------------------------------------------------------
[2021-07-13 00:19:12,344] {taskinstance.py:1087} INFO - Executing <Task(BashOperator): create_project_package> on 2021-07-12T00:54:07.119045+00:00
[2021-07-13 00:19:12,359] {standard_task_runner.py:52} INFO - Started process 2352 to run task
[2021-07-13 00:19:12,381] {standard_task_runner.py:76} INFO - Running: ['***', 'tasks', 'run', 'Spark_S3_ETL', 'create_project_package', '2021-07-12T00:54:07.119045+00:00', '--job-id', '56', '--pool', 'default_pool', '--raw', '--subdir', 'DAGS_FOLDER/dag.py', '--cfg-path', '/tmp/tmpucxwsstn', '--error-file', '/tmp/tmp05i87ron']
[2021-07-13 00:19:12,384] {standard_task_runner.py:77} INFO - Job 56: Subtask create_project_package
[2021-07-13 00:19:12,577] {logging_mixin.py:104} INFO - Running <TaskInstance: Spark_S3_ETL.create_project_package 2021-07-12T00:54:07.119045+00:00 [running]> on host 3eb1e029fb42
[2021-07-13 00:19:12,975] {taskinstance.py:1282} INFO - Exporting the following env vars:
AIRFLOW_CTX_DAG_OWNER=CapstoneProject
AIRFLOW_CTX_DAG_ID=Spark_S3_ETL
AIRFLOW_CTX_TASK_ID=create_project_package
AIRFLOW_CTX_EXECUTION_DATE=2021-07-12T00:54:07.119045+00:00
AIRFLOW_CTX_DAG_RUN_ID=manual__2021-07-12T00:54:07.119045+00:00
[2021-07-13 00:19:12,988] {subprocess.py:52} INFO - Tmp dir root location: 
 /tmp
[2021-07-13 00:19:12,996] {subprocess.py:63} INFO - Running command: ['bash', '-c', 'tar -czf /tmp/CapstoneProject.tar.gz -C /opt/*** CapstoneProject']
[2021-07-13 00:19:13,056] {subprocess.py:75} INFO - Output:
[2021-07-13 00:19:13,491] {subprocess.py:83} INFO - Command exited with return code 0
[2021-07-13 00:19:13,612] {taskinstance.py:1191} INFO - Marking task as SUCCESS. dag_id=Spark_S3_ETL, task_id=create_project_package, execution_date=20210712T005407, start_date=20210713T001912, end_date=20210713T001913
[2021-07-13 00:19:13,704] {taskinstance.py:1245} INFO - 1 downstream tasks scheduled from follow-on schedule check
[2021-07-13 00:19:13,748] {local_task_job.py:151} INFO - Task exited with return code 0
