[2021-07-07 00:25:36,126] {taskinstance.py:876} INFO - Dependencies all met for <TaskInstance: Spark_S3_ETL.watch_step 2021-07-07T00:25:27.419789+00:00 [queued]>
[2021-07-07 00:25:36,152] {taskinstance.py:876} INFO - Dependencies all met for <TaskInstance: Spark_S3_ETL.watch_step 2021-07-07T00:25:27.419789+00:00 [queued]>
[2021-07-07 00:25:36,158] {taskinstance.py:1067} INFO - 
--------------------------------------------------------------------------------
[2021-07-07 00:25:36,160] {taskinstance.py:1068} INFO - Starting attempt 1 of 4
[2021-07-07 00:25:36,164] {taskinstance.py:1069} INFO - 
--------------------------------------------------------------------------------
[2021-07-07 00:25:36,194] {taskinstance.py:1087} INFO - Executing <Task(EmrStepSensor): watch_step> on 2021-07-07T00:25:27.419789+00:00
[2021-07-07 00:25:36,206] {standard_task_runner.py:52} INFO - Started process 551 to run task
[2021-07-07 00:25:36,213] {standard_task_runner.py:76} INFO - Running: ['***', 'tasks', 'run', 'Spark_S3_ETL', 'watch_step', '2021-07-07T00:25:27.419789+00:00', '--job-id', '166', '--pool', 'default_pool', '--raw', '--subdir', 'DAGS_FOLDER/dag.py', '--cfg-path', '/tmp/tmpn_t5f7a_', '--error-file', '/tmp/tmp5ymaryvn']
[2021-07-07 00:25:36,214] {standard_task_runner.py:77} INFO - Job 166: Subtask watch_step
[2021-07-07 00:25:36,307] {logging_mixin.py:104} INFO - Running <TaskInstance: Spark_S3_ETL.watch_step 2021-07-07T00:25:27.419789+00:00 [running]> on host 135c51efb9b1
[2021-07-07 00:25:36,502] {taskinstance.py:1282} INFO - Exporting the following env vars:
AIRFLOW_CTX_DAG_OWNER=CapstoneProject
AIRFLOW_CTX_DAG_ID=Spark_S3_ETL
AIRFLOW_CTX_TASK_ID=watch_step
AIRFLOW_CTX_EXECUTION_DATE=2021-07-07T00:25:27.419789+00:00
AIRFLOW_CTX_DAG_RUN_ID=manual__2021-07-07T00:25:27.419789+00:00
[2021-07-07 00:25:36,507] {base_aws.py:368} INFO - Airflow Connection: aws_conn_id=aws_credentials
[2021-07-07 00:25:36,543] {base_aws.py:166} INFO - Credentials retrieved from login
[2021-07-07 00:25:36,547] {base_aws.py:82} INFO - Retrieving region_name from Connection.extra_config['region_name']
[2021-07-07 00:25:36,549] {base_aws.py:87} INFO - Creating session with aws_access_key_id=AKIA3HDBV2JOOPSAIFST region_name=us-east-1
[2021-07-07 00:25:36,568] {base_aws.py:157} INFO - role_arn is None
[2021-07-07 00:25:36,627] {emr_step.py:75} INFO - Poking step s-2UXJXDOWQQVLN on cluster j-1JMDVUTIE9M7Q
[2021-07-07 00:25:37,072] {emr_base.py:68} INFO - Job flow currently PENDING
[2021-07-07 00:26:37,063] {emr_step.py:75} INFO - Poking step s-2UXJXDOWQQVLN on cluster j-1JMDVUTIE9M7Q
[2021-07-07 00:26:37,559] {emr_base.py:68} INFO - Job flow currently PENDING
[2021-07-07 00:27:37,552] {emr_step.py:75} INFO - Poking step s-2UXJXDOWQQVLN on cluster j-1JMDVUTIE9M7Q
[2021-07-07 00:27:38,154] {emr_base.py:68} INFO - Job flow currently PENDING
[2021-07-07 00:28:38,129] {emr_step.py:75} INFO - Poking step s-2UXJXDOWQQVLN on cluster j-1JMDVUTIE9M7Q
[2021-07-07 00:28:38,598] {emr_base.py:68} INFO - Job flow currently PENDING
[2021-07-07 00:29:38,555] {emr_step.py:75} INFO - Poking step s-2UXJXDOWQQVLN on cluster j-1JMDVUTIE9M7Q
[2021-07-07 00:29:39,019] {emr_base.py:68} INFO - Job flow currently PENDING
[2021-07-07 00:30:39,011] {emr_step.py:75} INFO - Poking step s-2UXJXDOWQQVLN on cluster j-1JMDVUTIE9M7Q
[2021-07-07 00:30:39,460] {emr_base.py:68} INFO - Job flow currently PENDING
[2021-07-07 00:31:39,419] {emr_step.py:75} INFO - Poking step s-2UXJXDOWQQVLN on cluster j-1JMDVUTIE9M7Q
[2021-07-07 00:31:39,884] {emr_base.py:68} INFO - Job flow currently PENDING
[2021-07-07 00:32:39,846] {emr_step.py:75} INFO - Poking step s-2UXJXDOWQQVLN on cluster j-1JMDVUTIE9M7Q
[2021-07-07 00:32:40,288] {emr_base.py:68} INFO - Job flow currently PENDING
[2021-07-07 00:33:40,263] {emr_step.py:75} INFO - Poking step s-2UXJXDOWQQVLN on cluster j-1JMDVUTIE9M7Q
[2021-07-07 00:33:40,772] {emr_base.py:68} INFO - Job flow currently PENDING
[2021-07-07 00:34:40,738] {emr_step.py:75} INFO - Poking step s-2UXJXDOWQQVLN on cluster j-1JMDVUTIE9M7Q
[2021-07-07 00:34:41,191] {emr_base.py:68} INFO - Job flow currently RUNNING
[2021-07-07 00:35:41,174] {emr_step.py:75} INFO - Poking step s-2UXJXDOWQQVLN on cluster j-1JMDVUTIE9M7Q
[2021-07-07 00:35:41,639] {emr_base.py:68} INFO - Job flow currently RUNNING
[2021-07-07 00:36:41,591] {emr_step.py:75} INFO - Poking step s-2UXJXDOWQQVLN on cluster j-1JMDVUTIE9M7Q
[2021-07-07 00:36:42,036] {emr_base.py:68} INFO - Job flow currently COMPLETED
[2021-07-07 00:36:42,037] {base.py:243} INFO - Success criteria met. Exiting.
[2021-07-07 00:36:42,060] {taskinstance.py:1191} INFO - Marking task as SUCCESS. dag_id=Spark_S3_ETL, task_id=watch_step, execution_date=20210707T002527, start_date=20210707T002536, end_date=20210707T003642
[2021-07-07 00:36:42,141] {taskinstance.py:1245} INFO - 1 downstream tasks scheduled from follow-on schedule check
[2021-07-07 00:36:42,204] {local_task_job.py:151} INFO - Task exited with return code 0
